<?xml version="1.0" encoding="UTF-8" ?>
<testsuite failures="0" time="4.582" errors="0" skipped="0" tests="23" name="TestSuite">
  <properties>
    <property name="java.runtime.name" value="Java(TM) SE Runtime Environment"/>
    <property name="sun.boot.library.path" value="C:\Program Files (x86)\Java\jdk1.7.0_71\jre\bin"/>
    <property name="java.vm.version" value="24.71-b01"/>
    <property name="java.vm.vendor" value="Oracle Corporation"/>
    <property name="java.vendor.url" value="http://java.oracle.com/"/>
    <property name="path.separator" value=";"/>
    <property name="guice.disable.misplaced.annotation.check" value="true"/>
    <property name="java.vm.name" value="Java HotSpot(TM) Client VM"/>
    <property name="file.encoding.pkg" value="sun.io"/>
    <property name="user.script" value=""/>
    <property name="user.country" value="CR"/>
    <property name="sun.java.launcher" value="SUN_STANDARD"/>
    <property name="sun.os.patch.level" value=""/>
    <property name="java.vm.specification.name" value="Java Virtual Machine Specification"/>
    <property name="user.dir" value="C:\Users\rojum_000\Desktop\original\SpringHibernateExample"/>
    <property name="java.runtime.version" value="1.7.0_71-b14"/>
    <property name="netbeans.deploy" value="true"/>
    <property name="java.awt.graphicsenv" value="sun.awt.Win32GraphicsEnvironment"/>
    <property name="java.endorsed.dirs" value="C:\Program Files (x86)\Java\jdk1.7.0_71\jre\lib\endorsed"/>
    <property name="os.arch" value="x86"/>
    <property name="java.io.tmpdir" value="C:\Users\ROJUM_~1\AppData\Local\Temp\"/>
    <property name="line.separator" value="
"/>
    <property name="java.vm.specification.vendor" value="Oracle Corporation"/>
    <property name="user.variant" value=""/>
    <property name="os.name" value="Windows 8.1"/>
    <property name="maven.ext.class.path" value="C:\Program Files (x86)\NetBeans 8.1\java\maven-nblib\netbeans-eventspy.jar"/>
    <property name="classworlds.conf" value="C:\Program Files (x86)\NetBeans 8.1\java\maven\bin\m2.conf"/>
    <property name="sun.jnu.encoding" value="Cp1252"/>
    <property name="java.library.path" value="C:\Program Files (x86)\Java\jdk1.7.0_71\bin;C:\WINDOWS\Sun\Java\bin;C:\WINDOWS\system32;C:\WINDOWS;C:\Python27\;C:\Python27\Scripts;C:\ProgramData\Oracle\Java\javapath;C:\Program Files (x86)\EasyPHP-DevServer-14.1VC11\binaries\php\php_runningversion;C:\Python34\;C:\Python34\Scripts;C:\oraclexe\app\oracle\product\11.2.0\server\bin;C:\Program Files (x86)\HP SimplePass\;C:\Program Files (x86)\AMD APP\bin\x86_64;C:\Program Files (x86)\AMD APP\bin\x86;C:\WINDOWS\system32;C:\WINDOWS;C:\WINDOWS\System32\Wbem;C:\WINDOWS\System32\WindowsPowerShell\v1.0\;C:\Program Files (x86)\Windows Live\Shared;C:\Program Files (x86)\ATI Technologies\ATI.ACE\Core-Static;C:\Program Files (x86)\Microsoft ASP.NET\ASP.NET Web Pages\v1.0\;C:\Program Files\Microsoft SQL Server\110\Tools\Binn\;C:\Program Files\Microsoft SQL Server\110\DTS\Binn\;C:\Program Files (x86)\Microsoft SQL Server\110\Tools\Binn\;C:\Program Files (x86)\Microsoft SQL Server\110\Tools\Binn\ManagementStudio\;C:\Program Files (x86)\Microsoft Visual Studio 10.0\Common7\IDE\PrivateAssemblies\;C:\Program Files (x86)\Microsoft SQL Server\110\DTS\Binn\;C:\Program Files (x86)\AMD\ATI.ACE\Core-Static;C:\Program Files\Microsoft\Web Platform Installer\;C:\Program Files (x86)\Microsoft Visual Studio 11.0\Common7\IDE\PrivateAssemblies\;C:\ProgramData\ComposerSetup\bin;C:\Program Files (x86)\Heroku\bin;C:\Program Files (x86)\git\cmd;C:\Program Files\Microsoft SQL Server\120\Tools\Binn\;C:\Program Files\nodejs\;C:\Program Files (x86)\GtkSharp\2.12\bin;C:\Program Files (x86)\Java\jdk1.7.0_71\bin;C:\apache-ant-1.9.6\bin;C:\Program Files (x86)\Skype\Phone\;C:\HashiCorp\Vagrant\bin;C:\Program Files\Microsoft SQL Server\130\Tools\Binn\;C:\Program Files (x86)\Windows Kits\10\Windows Performance Toolkit\;C:\Program Files\Git\cmd;C:\Users\rojum_000\.dnx\bin;C:\Ruby22-x64\bin;C:\Users\rojum_000\AppData\Roaming\npm;C:\Program Files (x86)\Java\jdk1.7.0_71\bin;."/>
    <property name="java.specification.name" value="Java Platform API Specification"/>
    <property name="java.class.version" value="51.0"/>
    <property name="sun.management.compiler" value="HotSpot Client Compiler"/>
    <property name="os.version" value="6.3"/>
    <property name="user.home" value="C:\Users\rojum_000"/>
    <property name="user.timezone" value="America/Regina"/>
    <property name="java.awt.printerjob" value="sun.awt.windows.WPrinterJob"/>
    <property name="java.specification.version" value="1.7"/>
    <property name="file.encoding" value="Cp1252"/>
    <property name="user.name" value="rojum_000"/>
    <property name="java.class.path" value="C:\Program Files (x86)\NetBeans 8.1\java\maven\boot\plexus-classworlds-2.4.jar"/>
    <property name="java.vm.specification.version" value="1.7"/>
    <property name="sun.arch.data.model" value="32"/>
    <property name="java.home" value="C:\Program Files (x86)\Java\jdk1.7.0_71\jre"/>
    <property name="sun.java.command" value="org.codehaus.plexus.classworlds.launcher.Launcher -Dnetbeans.deploy=true -Dmaven.ext.class.path=C:\Program Files (x86)\NetBeans 8.1\java\maven-nblib\netbeans-eventspy.jar package"/>
    <property name="java.specification.vendor" value="Oracle Corporation"/>
    <property name="user.language" value="es"/>
    <property name="awt.toolkit" value="sun.awt.windows.WToolkit"/>
    <property name="java.vm.info" value="mixed mode, sharing"/>
    <property name="java.version" value="1.7.0_71"/>
    <property name="java.ext.dirs" value="C:\Program Files (x86)\Java\jdk1.7.0_71\jre\lib\ext;C:\WINDOWS\Sun\Java\lib\ext"/>
    <property name="sun.boot.class.path" value="C:\Program Files (x86)\Java\jdk1.7.0_71\jre\lib\resources.jar;C:\Program Files (x86)\Java\jdk1.7.0_71\jre\lib\rt.jar;C:\Program Files (x86)\Java\jdk1.7.0_71\jre\lib\sunrsasign.jar;C:\Program Files (x86)\Java\jdk1.7.0_71\jre\lib\jsse.jar;C:\Program Files (x86)\Java\jdk1.7.0_71\jre\lib\jce.jar;C:\Program Files (x86)\Java\jdk1.7.0_71\jre\lib\charsets.jar;C:\Program Files (x86)\Java\jdk1.7.0_71\jre\lib\jfr.jar;C:\Program Files (x86)\Java\jdk1.7.0_71\jre\classes"/>
    <property name="java.vendor" value="Oracle Corporation"/>
    <property name="maven.home" value="C:\Program Files (x86)\NetBeans 8.1\java\maven"/>
    <property name="file.separator" value="\"/>
    <property name="java.vendor.url.bug" value="http://bugreport.sun.com/bugreport/"/>
    <property name="sun.cpu.endian" value="little"/>
    <property name="sun.io.unicode.encoding" value="UnicodeLittle"/>
    <property name="sun.desktop" value="windows"/>
    <property name="sun.cpu.isalist" value=""/>
  </properties>
  <testcase time="0.015" classname="com.websystique.springmvc.controller.AppControllerTest" name="deleteEmployee"/>
  <testcase time="0.029" classname="com.websystique.springmvc.controller.AppControllerTest" name="editEmployee"/>
  <testcase time="0.014" classname="com.websystique.springmvc.controller.AppControllerTest" name="listEmployees"/>
  <testcase time="0.001" classname="com.websystique.springmvc.controller.AppControllerTest" name="newEmployee"/>
  <testcase time="0.001" classname="com.websystique.springmvc.controller.AppControllerTest" name="saveEmployeeWithSuccess"/>
  <testcase time="0.001" classname="com.websystique.springmvc.controller.AppControllerTest" name="saveEmployeeWithValidationError"/>
  <testcase time="0.002" classname="com.websystique.springmvc.controller.AppControllerTest" name="saveEmployeeWithValidationErrorNonUniqueSSN"/>
  <testcase time="0.001" classname="com.websystique.springmvc.controller.AppControllerTest" name="updateEmployeeWithSuccess"/>
  <testcase time="0.001" classname="com.websystique.springmvc.controller.AppControllerTest" name="updateEmployeeWithValidationError"/>
  <testcase time="0.001" classname="com.websystique.springmvc.controller.AppControllerTest" name="updateEmployeeWithValidationErrorNonUniqueSSN"/>
  <testcase time="0.153" classname="com.websystique.springmvc.dao.EmployeeDaoImplTest" name="deleteEmployeeByInvalidSsn"/>
  <testcase time="0.005" classname="com.websystique.springmvc.dao.EmployeeDaoImplTest" name="deleteEmployeeBySsn"/>
  <testcase time="0.003" classname="com.websystique.springmvc.dao.EmployeeDaoImplTest" name="findAllEmployees"/>
  <testcase time="0.013" classname="com.websystique.springmvc.dao.EmployeeDaoImplTest" name="findById"/>
  <testcase time="0.014" classname="com.websystique.springmvc.dao.EmployeeDaoImplTest" name="findEmployeeBySsn"/>
  <testcase time="0.027" classname="com.websystique.springmvc.dao.EmployeeDaoImplTest" name="saveEmployee"/>
  <testcase time="0" classname="com.websystique.springmvc.service.EmployeeServiceImplTest" name="deleteEmployeeBySsn"/>
  <testcase time="0.001" classname="com.websystique.springmvc.service.EmployeeServiceImplTest" name="findAllEmployees"/>
  <testcase time="0.001" classname="com.websystique.springmvc.service.EmployeeServiceImplTest" name="findById"/>
  <testcase time="0" classname="com.websystique.springmvc.service.EmployeeServiceImplTest" name="findEmployeeBySsn"/>
  <testcase time="0.001" classname="com.websystique.springmvc.service.EmployeeServiceImplTest" name="isEmployeeSsnUnique"/>
  <testcase time="0.001" classname="com.websystique.springmvc.service.EmployeeServiceImplTest" name="saveEmployee"/>
  <testcase time="0.001" classname="com.websystique.springmvc.service.EmployeeServiceImplTest" name="updateEmployee"/>
</testsuite>